12:08:17: Creating resource group General
12:08:17: Creating resource group Internal
12:08:17: Creating resource group Autodetect
12:08:17: SceneManagerFactory for type 'DefaultSceneManager' registered.
12:08:17: Registering ResourceManager for type Material
12:08:17: Registering ResourceManager for type Mesh
12:08:17: Registering ResourceManager for type Skeleton
12:08:17: MovableObjectFactory for type 'ParticleSystem' registered.
12:08:17: ArchiveFactory for archive type FileSystem registered.
12:08:17: ArchiveFactory for archive type Zip registered.
12:08:17: ArchiveFactory for archive type EmbeddedZip registered.
12:08:17: DDS codec registering
12:08:17: FreeImage version: 3.16.0
12:08:17: This program uses FreeImage, a free, open source image library supporting all common bitmap formats. See http://freeimage.sourceforge.net for details
12:08:17: Supported formats: bmp,ico,jpg,jif,jpeg,jpe,jng,koa,iff,lbm,mng,pbm,pbm,pcd,pcx,pgm,pgm,png,ppm,ppm,ras,tga,targa,tif,tiff,wap,wbmp,wbm,psd,cut,xbm,xpm,gif,hdr,g3,sgi,rgb,rgba,bw,exr,j2k,j2c,jp2,pfm,pct,pict,pic,3fr,arw,bay,bmq,cap,cine,cr2,crw,cs1,dc2,dcr,drf,dsc,dng,erf,fff,ia,iiq,k25,kc2,kdc,mdc,mef,mos,mrw,nef,nrw,orf,pef,ptx,pxn,qtk,raf,raw,rdc,rw2,rwl,rwz,sr2,srf,srw,sti,webp,jxr,wdp,hdp
12:08:17: Registering ResourceManager for type HighLevelGpuProgram
12:08:17: Registering ResourceManager for type Compositor
12:08:17: MovableObjectFactory for type 'Entity' registered.
12:08:17: MovableObjectFactory for type 'Light' registered.
12:08:17: MovableObjectFactory for type 'BillboardSet' registered.
12:08:17: MovableObjectFactory for type 'ManualObject' registered.
12:08:17: MovableObjectFactory for type 'BillboardChain' registered.
12:08:17: MovableObjectFactory for type 'RibbonTrail' registered.
12:08:17: Loading library /usr/lib/OGRE/RenderSystem_GL
12:08:17: Installing plugin: GL RenderSystem
12:08:17: OpenGL Rendering Subsystem created.
12:08:17: Plugin successfully installed
12:08:17: Loading library /usr/lib/OGRE/Plugin_ParticleFX
12:08:17: Installing plugin: ParticleFX
12:08:17: Particle Emitter Type 'Point' registered
12:08:17: Particle Emitter Type 'Box' registered
12:08:17: Particle Emitter Type 'Ellipsoid' registered
12:08:17: Particle Emitter Type 'Cylinder' registered
12:08:17: Particle Emitter Type 'Ring' registered
12:08:17: Particle Emitter Type 'HollowEllipsoid' registered
12:08:17: Particle Affector Type 'LinearForce' registered
12:08:17: Particle Affector Type 'ColourFader' registered
12:08:17: Particle Affector Type 'ColourFader2' registered
12:08:17: Particle Affector Type 'ColourImage' registered
12:08:17: Particle Affector Type 'ColourInterpolator' registered
12:08:17: Particle Affector Type 'Scaler' registered
12:08:17: Particle Affector Type 'Rotator' registered
12:08:17: Particle Affector Type 'DirectionRandomiser' registered
12:08:17: Particle Affector Type 'DeflectorPlane' registered
12:08:17: Plugin successfully installed
12:08:17: Loading library /usr/lib/OGRE/Plugin_BSPSceneManager
12:08:17: Installing plugin: BSP Scene Manager
12:08:17: Plugin successfully installed
12:08:17: Loading library /usr/lib/OGRE/Plugin_CgProgramManager
12:08:17: Installing plugin: Cg Program Manager
12:08:17: Plugin successfully installed
12:08:17: Loading library /usr/lib/OGRE/Plugin_PCZSceneManager
12:08:17: Installing plugin: Portal Connected Zone Scene Manager
12:08:17: PCZone Factory Type 'ZoneType_Default' registered
12:08:17: Plugin successfully installed
12:08:17: Loading library /usr/lib/OGRE/Plugin_OctreeZone
12:08:17: Installing plugin: Octree Zone Factory
12:08:17: Plugin successfully installed
12:08:17: Loading library /usr/lib/OGRE/Plugin_OctreeSceneManager
12:08:17: Installing plugin: Octree Scene Manager
12:08:17: Plugin successfully installed
12:08:17: *-*-* OGRE Initialising
12:08:17: *-*-* Version 1.9.0 (Ghadamon)
12:08:17: Creating resource group Essential
12:08:17: Added resource location '../media/packs/SdkTrays.zip' of type 'Zip' to resource group 'Essential'
12:08:17: Added resource location '../media' of type 'FileSystem' to resource group 'General'
12:08:17: Added resource location '../media/materials/scripts' of type 'FileSystem' to resource group 'General'
12:08:17: Added resource location '../media/materials/textures' of type 'FileSystem' to resource group 'General'
12:08:17: Added resource location '../media/models' of type 'FileSystem' to resource group 'General'
12:08:23: CPU Identifier & Features
12:08:23: -------------------------
12:08:23:  *   CPU ID: GenuineIntel: Intel(R) Core(TM) i5-3337U CPU @ 1.80GHz
12:08:23:  *      SSE: yes
12:08:23:  *     SSE2: yes
12:08:23:  *     SSE3: yes
12:08:23:  *      MMX: yes
12:08:23:  *   MMXEXT: yes
12:08:23:  *    3DNOW: no
12:08:23:  * 3DNOWEXT: no
12:08:23:  *     CMOV: yes
12:08:23:  *      TSC: yes
12:08:23:  *      FPU: yes
12:08:23:  *      PRO: yes
12:08:23:  *       HT: no
12:08:23: -------------------------
12:08:23: ******************************
*** Starting GLX Subsystem ***
******************************
12:08:23: Registering ResourceManager for type Texture
12:08:23: GLRenderSystem::_createRenderWindow "TutorialApplication Render Window", 1920x1080 fullscreen  miscParams: FSAA=0 displayFrequency=60 Hz gamma=No vsync=No 
12:08:23: GLXWindow::create used FBConfigID = 103
12:08:23: GL_VERSION = 3.0 Mesa 10.1.3
12:08:23: GL_VENDOR = Intel Open Source Technology Center
12:08:23: GL_RENDERER = Mesa DRI Intel(R) Ivybridge Mobile 
12:08:23: GL_EXTENSIONS = GL_ARB_multisample GL_EXT_abgr GL_EXT_bgra GL_EXT_blend_color GL_EXT_blend_minmax GL_EXT_blend_subtract GL_EXT_copy_texture GL_EXT_polygon_offset GL_EXT_subtexture GL_EXT_texture_object GL_EXT_vertex_array GL_EXT_compiled_vertex_array GL_EXT_texture GL_EXT_texture3D GL_IBM_rasterpos_clip GL_ARB_point_parameters GL_EXT_draw_range_elements GL_EXT_packed_pixels GL_EXT_point_parameters GL_EXT_rescale_normal GL_EXT_separate_specular_color GL_EXT_texture_edge_clamp GL_SGIS_generate_mipmap GL_SGIS_texture_border_clamp GL_SGIS_texture_edge_clamp GL_SGIS_texture_lod GL_ARB_framebuffer_sRGB GL_ARB_multitexture GL_EXT_framebuffer_sRGB GL_IBM_multimode_draw_arrays GL_IBM_texture_mirrored_repeat GL_3DFX_texture_compression_FXT1 GL_ARB_texture_cube_map GL_ARB_texture_env_add GL_ARB_transpose_matrix GL_EXT_blend_func_separate GL_EXT_fog_coord GL_EXT_multi_draw_arrays GL_EXT_secondary_color GL_EXT_texture_env_add GL_EXT_texture_filter_anisotropic GL_EXT_texture_lod_bias GL_INGR_blend_func_separate GL_NV_blend_square GL_NV_light_max_exponent GL_NV_texgen_reflection GL_NV_texture_env_combine4 GL_S3_s3tc GL_SUN_multi_draw_arrays GL_ARB_texture_border_clamp GL_ARB_texture_compression GL_EXT_framebuffer_object GL_EXT_texture_compression_s3tc GL_EXT_texture_env_combine GL_EXT_texture_env_dot3 GL_MESA_window_pos GL_NV_packed_depth_stencil GL_NV_texture_rectangle GL_ARB_depth_texture GL_ARB_occlusion_query GL_ARB_shadow GL_ARB_texture_env_combine GL_ARB_texture_env_crossbar GL_ARB_texture_env_dot3 GL_ARB_texture_mirrored_repeat GL_ARB_window_pos GL_ATI_envmap_bumpmap GL_EXT_stencil_two_side GL_EXT_texture_cube_map GL_NV_depth_clamp GL_APPLE_packed_pixels GL_APPLE_vertex_array_object GL_ARB_draw_buffers GL_ARB_fragment_program GL_ARB_fragment_shader GL_ARB_shader_objects GL_ARB_vertex_program GL_ARB_vertex_shader GL_ATI_draw_buffers GL_ATI_texture_env_combine3 GL_ATI_texture_float GL_EXT_shadow_funcs GL_EXT_stencil_wrap GL_MESA_pack_invert GL_NV_primitive_restart GL_ARB_depth_clamp GL_ARB_fragment_program_shadow GL_ARB_half_float_pixel GL_ARB_occlusion_query2 GL_ARB_point_sprite GL_ARB_shading_language_100 GL_ARB_sync GL_ARB_texture_non_power_of_two GL_ARB_vertex_buffer_object GL_ATI_blend_equation_separate GL_EXT_blend_equation_separate GL_OES_read_format GL_ARB_color_buffer_float GL_ARB_pixel_buffer_object GL_ARB_texture_compression_rgtc GL_ARB_texture_float GL_ARB_texture_rectangle GL_EXT_packed_float GL_EXT_pixel_buffer_object GL_EXT_texture_compression_dxt1 GL_EXT_texture_compression_rgtc GL_EXT_texture_rectangle GL_EXT_texture_sRGB GL_EXT_texture_shared_exponent GL_ARB_framebuffer_object GL_EXT_framebuffer_blit GL_EXT_framebuffer_multisample GL_EXT_packed_depth_stencil GL_APPLE_object_purgeable GL_ARB_vertex_array_object GL_ATI_separate_stencil GL_EXT_draw_buffers2 GL_EXT_draw_instanced GL_EXT_gpu_program_parameters GL_EXT_texture_array GL_EXT_texture_integer GL_EXT_texture_sRGB_decode GL_EXT_timer_query GL_OES_EGL_image GL_AMD_performance_monitor GL_ARB_copy_buffer GL_ARB_depth_buffer_float GL_ARB_draw_instanced GL_ARB_half_float_vertex GL_ARB_instanced_arrays GL_ARB_map_buffer_range GL_ARB_texture_rg GL_ARB_texture_swizzle GL_ARB_vertex_array_bgra GL_EXT_separate_shader_objects GL_EXT_texture_swizzle GL_EXT_vertex_array_bgra GL_NV_conditional_render GL_AMD_conservative_depth GL_AMD_draw_buffers_blend GL_AMD_seamless_cubemap_per_texture GL_ARB_ES2_compatibility GL_ARB_blend_func_extended GL_ARB_debug_output GL_ARB_draw_buffers_blend GL_ARB_draw_elements_base_vertex GL_ARB_explicit_attrib_location GL_ARB_fragment_coord_conventions GL_ARB_provoking_vertex GL_ARB_sample_shading GL_ARB_sampler_objects GL_ARB_seamless_cube_map GL_ARB_shader_texture_lod GL_ARB_texture_cube_map_array GL_ARB_texture_gather GL_ARB_texture_multisample GL_ARB_texture_query_lod GL_ARB_texture_rgb10_a2ui GL_ARB_uniform_buffer_object GL_ARB_vertex_type_2_10_10_10_rev GL_EXT_provoking_vertex GL_EXT_texture_snorm GL_MESA_texture_signed_rgba GL_ARB_get_program_binary GL_ARB_robustness GL_ARB_shader_bit_encoding GL_ARB_timer_query GL_ARB_transform_feedback2 GL_ARB_transform_feedback3 GL_ANGLE_texture_compression_dxt3 GL_ANGLE_texture_compression_dxt5 GL_ARB_conservative_depth GL_ARB_internalformat_query GL_ARB_map_buffer_alignment GL_ARB_shader_atomic_counters GL_ARB_shading_language_420pack GL_ARB_shading_language_packing GL_ARB_texture_storage GL_ARB_transform_feedback_instanced GL_EXT_framebuffer_multisample_blit_scaled GL_EXT_transform_feedback GL_AMD_shader_trinary_minmax GL_ARB_ES3_compatibility GL_ARB_clear_buffer_object GL_ARB_invalidate_subdata GL_ARB_texture_query_levels GL_ARB_texture_storage_multisample GL_ARB_vertex_attrib_binding GL_KHR_debug GL_ARB_texture_mirror_clamp_to_edge GL_ARB_vertex_type_10f_11f_11f_rev GL_EXT_shader_integer_mix 
12:08:23: Supported GLX extensions: GLX_ARB_create_context GLX_ARB_create_context_profile GLX_ARB_create_context_robustness GLX_ARB_fbconfig_float GLX_ARB_framebuffer_sRGB GLX_ARB_get_proc_address GLX_ARB_multisample GLX_EXT_import_context GLX_EXT_visual_info GLX_EXT_visual_rating GLX_EXT_framebuffer_sRGB GLX_EXT_create_context_es2_profile GLX_MESA_copy_sub_buffer GLX_MESA_multithread_makecurrent GLX_MESA_query_renderer GLX_MESA_swap_control GLX_OML_swap_method GLX_OML_sync_control GLX_SGI_make_current_read GLX_SGI_swap_control GLX_SGI_video_sync GLX_SGIS_multisample GLX_SGIX_fbconfig GLX_SGIX_pbuffer GLX_SGIX_visual_select_group GLX_EXT_texture_from_pixmap GLX_INTEL_swap_event 
12:08:23: ***************************
12:08:23: *** GL Renderer Started ***
12:08:23: ***************************
12:08:23: Registering ResourceManager for type GpuProgram
12:08:23: GLSL support detected
12:08:23: GL: Using GL_EXT_framebuffer_object for rendering to textures (best)
12:08:23: FBO PF_UNKNOWN depth/stencil support: D0S1 D0S4 D0S8 D0S16 D16S0 D16S1 D16S4 D16S8 D16S16 D24S0 D24S1 D24S4 D24S8 D24S16 D32S0 D32S1 D32S4 D32S8 D32S16 Packed-D24S8 
12:08:23: FBO PF_A8 depth/stencil support: D0S0 D0S1 D0S4 D0S8 D0S16 D16S0 D16S1 D16S4 D16S8 D16S16 D24S0 D24S1 D24S4 D24S8 D24S16 D32S0 D32S1 D32S4 D32S8 D32S16 Packed-D24S8 
12:08:23: FBO PF_R5G6B5 depth/stencil support: D0S0 D0S1 D0S4 D0S8 D0S16 D16S0 D16S1 D16S4 D16S8 D16S16 D24S0 D24S1 D24S4 D24S8 D24S16 D32S0 D32S1 D32S4 D32S8 D32S16 Packed-D24S8 
12:08:23: FBO PF_B5G6R5 depth/stencil support: D0S0 D0S1 D0S4 D0S8 D0S16 D16S0 D16S1 D16S4 D16S8 D16S16 D24S0 D24S1 D24S4 D24S8 D24S16 D32S0 D32S1 D32S4 D32S8 D32S16 Packed-D24S8 
12:08:23: FBO PF_A4R4G4B4 depth/stencil support: D0S0 D0S1 D0S4 D0S8 D0S16 D16S0 D16S1 D16S4 D16S8 D16S16 D24S0 D24S1 D24S4 D24S8 D24S16 D32S0 D32S1 D32S4 D32S8 D32S16 Packed-D24S8 
12:08:23: FBO PF_A1R5G5B5 depth/stencil support: D0S0 D0S1 D0S4 D0S8 D0S16 D16S0 D16S1 D16S4 D16S8 D16S16 D24S0 D24S1 D24S4 D24S8 D24S16 D32S0 D32S1 D32S4 D32S8 D32S16 Packed-D24S8 
12:08:23: FBO PF_R8G8B8 depth/stencil support: D0S0 D0S1 D0S4 D0S8 D0S16 D16S0 D16S1 D16S4 D16S8 D16S16 D24S0 D24S1 D24S4 D24S8 D24S16 D32S0 D32S1 D32S4 D32S8 D32S16 Packed-D24S8 
12:08:23: FBO PF_B8G8R8 depth/stencil support: D0S0 D0S1 D0S4 D0S8 D0S16 D16S0 D16S1 D16S4 D16S8 D16S16 D24S0 D24S1 D24S4 D24S8 D24S16 D32S0 D32S1 D32S4 D32S8 D32S16 Packed-D24S8 
12:08:23: FBO PF_A8R8G8B8 depth/stencil support: D0S0 D0S1 D0S4 D0S8 D0S16 D16S0 D16S1 D16S4 D16S8 D16S16 D24S0 D24S1 D24S4 D24S8 D24S16 D32S0 D32S1 D32S4 D32S8 D32S16 Packed-D24S8 
12:08:23: FBO PF_B8G8R8A8 depth/stencil support: D0S0 D0S1 D0S4 D0S8 D0S16 D16S0 D16S1 D16S4 D16S8 D16S16 D24S0 D24S1 D24S4 D24S8 D24S16 D32S0 D32S1 D32S4 D32S8 D32S16 Packed-D24S8 
12:08:23: FBO PF_A2R10G10B10 depth/stencil support: D0S0 D0S1 D0S4 D0S8 D0S16 D16S0 D16S1 D16S4 D16S8 D16S16 D24S0 D24S1 D24S4 D24S8 D24S16 D32S0 D32S1 D32S4 D32S8 D32S16 Packed-D24S8 
12:08:23: FBO PF_A2B10G10R10 depth/stencil support: D0S0 D0S1 D0S4 D0S8 D0S16 D16S0 D16S1 D16S4 D16S8 D16S16 D24S0 D24S1 D24S4 D24S8 D24S16 D32S0 D32S1 D32S4 D32S8 D32S16 Packed-D24S8 
12:08:23: FBO PF_FLOAT16_RGBA depth/stencil support: D0S0 D0S1 D0S4 D0S8 D0S16 D16S0 D16S1 D16S4 D16S8 D16S16 D24S0 D24S1 D24S4 D24S8 D24S16 D32S0 D32S1 D32S4 D32S8 D32S16 Packed-D24S8 
12:08:23: FBO PF_FLOAT32_RGBA depth/stencil support: D0S0 D0S1 D0S4 D0S8 D0S16 D16S0 D16S1 D16S4 D16S8 D16S16 D24S0 D24S1 D24S4 D24S8 D24S16 D32S0 D32S1 D32S4 D32S8 D32S16 Packed-D24S8 
12:08:23: FBO PF_X8R8G8B8 depth/stencil support: D0S0 D0S1 D0S4 D0S8 D0S16 D16S0 D16S1 D16S4 D16S8 D16S16 D24S0 D24S1 D24S4 D24S8 D24S16 D32S0 D32S1 D32S4 D32S8 D32S16 Packed-D24S8 
12:08:23: FBO PF_X8B8G8R8 depth/stencil support: D0S0 D0S1 D0S4 D0S8 D0S16 D16S0 D16S1 D16S4 D16S8 D16S16 D24S0 D24S1 D24S4 D24S8 D24S16 D32S0 D32S1 D32S4 D32S8 D32S16 Packed-D24S8 
12:08:23: FBO PF_SHORT_RGBA depth/stencil support: D0S0 D0S1 D0S4 D0S8 D0S16 D16S0 D16S1 D16S4 D16S8 D16S16 D24S0 D24S1 D24S4 D24S8 D24S16 D32S0 D32S1 D32S4 D32S8 D32S16 Packed-D24S8 
12:08:23: FBO PF_R3G3B2 depth/stencil support: D0S0 D0S1 D0S4 D0S8 D0S16 D16S0 D16S1 D16S4 D16S8 D16S16 D24S0 D24S1 D24S4 D24S8 D24S16 D32S0 D32S1 D32S4 D32S8 D32S16 Packed-D24S8 
12:08:23: FBO PF_FLOAT16_R depth/stencil support: D0S0 D0S1 D0S4 D0S8 D0S16 D16S0 D16S1 D16S4 D16S8 D16S16 D24S0 D24S1 D24S4 D24S8 D24S16 D32S0 D32S1 D32S4 D32S8 D32S16 Packed-D24S8 
12:08:23: FBO PF_FLOAT32_R depth/stencil support: D0S0 D0S1 D0S4 D0S8 D0S16 D16S0 D16S1 D16S4 D16S8 D16S16 D24S0 D24S1 D24S4 D24S8 D24S16 D32S0 D32S1 D32S4 D32S8 D32S16 Packed-D24S8 
12:08:23: [GL] : Valid FBO targets PF_UNKNOWN PF_A8 PF_R5G6B5 PF_B5G6R5 PF_A4R4G4B4 PF_A1R5G5B5 PF_R8G8B8 PF_B8G8R8 PF_A8R8G8B8 PF_B8G8R8A8 PF_A2R10G10B10 PF_A2B10G10R10 PF_FLOAT16_RGBA PF_FLOAT32_RGBA PF_X8R8G8B8 PF_X8B8G8R8 PF_SHORT_RGBA PF_R3G3B2 PF_FLOAT16_R PF_FLOAT32_R 
12:08:23: RenderSystem capabilities
12:08:23: -------------------------
12:08:23: RenderSystem Name: OpenGL Rendering Subsystem
12:08:23: GPU Vendor: intel
12:08:23: Device Name: Mesa DRI Intel(R) Ivybridge Mobile 
12:08:23: Driver Version: 3.0.0.0
12:08:23:  * Fixed function pipeline: yes
12:08:23:  * Hardware generation of mipmaps: no
12:08:23:  * Texture blending: yes
12:08:23:  * Anisotropic texture filtering: yes
12:08:23:  * Dot product texture operation: yes
12:08:23:  * Cube mapping: yes
12:08:23:  * Hardware stencil buffer: yes
12:08:23:    - Stencil depth: 8
12:08:23:    - Two sided stencil support: yes
12:08:23:    - Wrap stencil values: yes
12:08:23:  * Hardware vertex / index buffers: yes
12:08:23:  * Vertex programs: yes
12:08:23:  * Number of floating-point constants for vertex programs: 4096
12:08:23:  * Number of integer constants for vertex programs: 0
12:08:23:  * Number of boolean constants for vertex programs: 0
12:08:23:  * Fragment programs: yes
12:08:23:  * Number of floating-point constants for fragment programs: 4096
12:08:23:  * Number of integer constants for fragment programs: 0
12:08:23:  * Number of boolean constants for fragment programs: 0
12:08:23:  * Geometry programs: no
12:08:23:  * Number of floating-point constants for geometry programs: 35602
12:08:23:  * Number of integer constants for geometry programs: 6699
12:08:23:  * Number of boolean constants for geometry programs: 39309
12:08:23:  * Tesselation Hull programs: no
12:08:23:  * Number of floating-point constants for tesselation hull programs: 29117
12:08:23:  * Number of integer constants for tesselation hull programs: 62251
12:08:23:  * Number of boolean constants for tesselation hull programs: 13622
12:08:23:  * Tesselation Domain programs: no
12:08:23:  * Number of floating-point constants for tesselation domain programs: 58753
12:08:23:  * Number of integer constants for tesselation domain programs: 30305
12:08:23:  * Number of boolean constants for tesselation domain programs: 60482
12:08:23:  * Compute programs: no
12:08:23:  * Number of floating-point constants for compute programs: 8702
12:08:23:  * Number of integer constants for compute programs: 4608
12:08:23:  * Number of boolean constants for compute programs: 17550
12:08:23:  * Supported Shader Profiles: arbfp1 arbvp1 glsl
12:08:23:  * Texture Compression: yes
12:08:23:    - DXT: yes
12:08:23:    - VTC: no
12:08:23:    - PVRTC: no
12:08:23:    - ATC: no
12:08:23:    - ETC1: no
12:08:23:    - ETC2: no
12:08:23:    - BC4/BC5: no
12:08:23:    - BC6H/BC7: no
12:08:23:  * Scissor Rectangle: yes
12:08:23:  * Hardware Occlusion Query: yes
12:08:23:  * User clip planes: yes
12:08:23:  * VET_UBYTE4 vertex element type: yes
12:08:23:  * Infinite far plane projection: yes
12:08:23:  * Hardware render-to-texture: yes
12:08:23:  * Floating point textures: yes
12:08:23:  * Non-power-of-two textures: yes
12:08:23:  * 1d textures: yes
12:08:23:  * Volume textures: yes
12:08:23:  * Multiple Render Targets: 8
12:08:23:    - With different bit depths: yes
12:08:23:  * Point Sprites: yes
12:08:23:  * Extended point parameters: yes
12:08:23:  * Max Point Size: 255
12:08:23:  * Vertex texture fetch: yes
12:08:23:  * Number of world matrices: 0
12:08:23:  * Number of texture units: 16
12:08:23:  * Stencil buffer depth: 8
12:08:23:  * Number of vertex blend matrices: 0
12:08:23:    - Max vertex textures: 16
12:08:23:    - Vertex textures shared: yes
12:08:23:  * Render to Vertex Buffer : no
12:08:23:  * Hardware Atomic Counters: no
12:08:23:  * GL 1.5 without VBO workaround: no
12:08:23:  * Frame Buffer objects: yes
12:08:23:  * Frame Buffer objects (ARB extension): no
12:08:23:  * Frame Buffer objects (ATI extension): no
12:08:23:  * PBuffer support: yes
12:08:23:  * GL 1.5 without HW-occlusion workaround: no
12:08:23:  * Vertex Array Objects: no
12:08:23:  * Separate shader objects: no
12:08:23: DefaultWorkQueue('Root') initialising on thread 7fd379f06780.
12:08:23: DefaultWorkQueue('Root')::WorkerFunc - thread 7fd36c23b700 starting.
12:08:23: DefaultWorkQueue('Root')::WorkerFunc - thread 7fd36ba3a700 starting.
12:08:23: DefaultWorkQueue('Root')::WorkerFunc - thread 7fd36aa38700 starting.
12:08:23: Particle Renderer Type 'billboard' registered
12:08:23: SceneManagerFactory for type 'BspSceneManager' registered.
12:08:23: Registering ResourceManager for type BspLevel
12:08:23: DefaultWorkQueue('Root')::WorkerFunc - thread 7fd36b239700 starting.
12:08:23: SceneManagerFactory for type 'PCZSceneManager' registered.
12:08:23: MovableObjectFactory for type 'PCZLight' registered.
12:08:23: MovableObjectFactory for type 'Portal' registered.
12:08:23: MovableObjectFactory for type 'AntiPortal' registered.
12:08:23: PCZone Factory Type 'ZoneType_Octree' registered
12:08:23: SceneManagerFactory for type 'OctreeSceneManager' registered.
12:08:23: OverlayElementFactory for type Panel registered.
12:08:23: OverlayElementFactory for type BorderPanel registered.
12:08:23: OverlayElementFactory for type TextArea registered.
12:08:23: Registering ResourceManager for type Font
12:08:23: Parsing scripts for resource group Autodetect
12:08:23: Finished parsing scripts for resource group Autodetect
12:08:23: Creating resources for group Autodetect
12:08:23: All done
12:08:23: Parsing scripts for resource group Essential
12:08:23: Parsing script SdkTrays.material
12:08:23: Parsing script SdkTrays.fontdef
12:08:23: Parsing script SdkTrays.overlay
12:08:23: Bad element attribute line: '# you can offset the image to change the cursor "hotspot"' for element SdkTrays/Cursor in overlay 
12:08:23: Texture: sdk_cursor.png: Loading 1 faces(PF_A8R8G8B8,32x32x1) with 5 generated mipmaps from Image. Internal format is PF_A8R8G8B8,32x32x1.
12:08:23: Texture: sdk_tray.png: Loading 1 faces(PF_A8R8G8B8,64x64x1) with 5 generated mipmaps from Image. Internal format is PF_A8R8G8B8,64x64x1.
12:08:23: Texture: sdk_button_up.png: Loading 1 faces(PF_A8R8G8B8,128x32x1) with 5 generated mipmaps from Image. Internal format is PF_A8R8G8B8,128x32x1.
12:08:23: Texture: sdk_text_box.png: Loading 1 faces(PF_A8R8G8B8,32x32x1) with 5 generated mipmaps from Image. Internal format is PF_A8R8G8B8,32x32x1.
12:08:23: Texture: sdk_mini_tray.png: Loading 1 faces(PF_A8R8G8B8,32x32x1) with 5 generated mipmaps from Image. Internal format is PF_A8R8G8B8,32x32x1.
12:08:23: Texture: sdk_track.png: Loading 1 faces(PF_A8R8G8B8,16x32x1) with 5 generated mipmaps from Image. Internal format is PF_A8R8G8B8,16x32x1.
12:08:23: Texture: sdk_handle.png: Loading 1 faces(PF_A8R8G8B8,16x16x1) with 4 generated mipmaps from Image. Internal format is PF_A8R8G8B8,16x16x1.
12:08:23: Texture: sdk_mini_text_box.png: Loading 1 faces(PF_A8R8G8B8,32x32x1) with 5 generated mipmaps from Image. Internal format is PF_A8R8G8B8,32x32x1.
12:08:23: Texture: sdk_label.png: Loading 1 faces(PF_A8R8G8B8,32x32x1) with 5 generated mipmaps from Image. Internal format is PF_A8R8G8B8,32x32x1.
12:08:23: Texture: sdk_separator.png: Loading 1 faces(PF_A8R8G8B8,64x16x1) with 5 generated mipmaps from Image. Internal format is PF_A8R8G8B8,64x16x1.
12:08:23: Texture: sdk_logo.png: Loading 1 faces(PF_A8R8G8B8,128x64x1) with 5 generated mipmaps from Image. Internal format is PF_A8R8G8B8,128x64x1.
12:08:23: Texture: sdk_shade.png: Loading 1 faces(PF_A8R8G8B8,64x48x1) with 5 generated mipmaps from Image. Internal format is PF_A8R8G8B8,64x48x1.
12:08:23: Texture: sdk_frame.png: Loading 1 faces(PF_A8R8G8B8,32x32x1) with 5 generated mipmaps from Image. Internal format is PF_A8R8G8B8,32x32x1.
12:08:23: Texture: sdk_mini_text_box_over.png: Loading 1 faces(PF_A8R8G8B8,32x32x1) with 5 generated mipmaps from Image. Internal format is PF_A8R8G8B8,32x32x1.
12:08:23: Texture: sdk_pulse.png: Loading 1 faces(PF_R8G8B8,8x1x1) with 3 generated mipmaps from Image. Internal format is PF_X8R8G8B8,8x1x1.
12:08:23: Finished parsing scripts for resource group Essential
12:08:23: Creating resources for group Essential
12:08:23: All done
12:08:23: Parsing scripts for resource group General
12:08:23: Parsing script Ogre.material
12:08:23: Finished parsing scripts for resource group General
12:08:23: Creating resources for group General
12:08:23: All done
12:08:23: Parsing scripts for resource group Internal
12:08:23: Finished parsing scripts for resource group Internal
12:08:23: Creating resources for group Internal
12:08:23: All done
12:08:23: *** Initializing OIS ***
12:08:23: Font SdkTrays/Caption using texture size 512x256
12:08:23: Info: Freetype returned null for character 160 in font SdkTrays/Caption
12:08:23: Texture: SdkTrays/CaptionTexture: Loading 1 faces(PF_BYTE_LA,512x256x1) with 0 generated mipmaps from Image. Internal format is PF_BYTE_LA,512x256x1.
12:08:23: Font SdkTrays/Value using texture size 512x256
12:08:23: Info: Freetype returned null for character 127 in font SdkTrays/Value
12:08:23: Info: Freetype returned null for character 128 in font SdkTrays/Value
12:08:23: Info: Freetype returned null for character 129 in font SdkTrays/Value
12:08:23: Info: Freetype returned null for character 130 in font SdkTrays/Value
12:08:23: Info: Freetype returned null for character 131 in font SdkTrays/Value
12:08:23: Info: Freetype returned null for character 132 in font SdkTrays/Value
12:08:23: Info: Freetype returned null for character 133 in font SdkTrays/Value
12:08:23: Info: Freetype returned null for character 134 in font SdkTrays/Value
12:08:23: Info: Freetype returned null for character 135 in font SdkTrays/Value
12:08:23: Info: Freetype returned null for character 136 in font SdkTrays/Value
12:08:23: Info: Freetype returned null for character 137 in font SdkTrays/Value
12:08:23: Info: Freetype returned null for character 138 in font SdkTrays/Value
12:08:23: Info: Freetype returned null for character 139 in font SdkTrays/Value
12:08:23: Info: Freetype returned null for character 140 in font SdkTrays/Value
12:08:23: Info: Freetype returned null for character 141 in font SdkTrays/Value
12:08:23: Info: Freetype returned null for character 142 in font SdkTrays/Value
12:08:23: Info: Freetype returned null for character 143 in font SdkTrays/Value
12:08:23: Info: Freetype returned null for character 144 in font SdkTrays/Value
12:08:23: Info: Freetype returned null for character 145 in font SdkTrays/Value
12:08:23: Info: Freetype returned null for character 146 in font SdkTrays/Value
12:08:23: Info: Freetype returned null for character 147 in font SdkTrays/Value
12:08:23: Info: Freetype returned null for character 148 in font SdkTrays/Value
12:08:23: Info: Freetype returned null for character 149 in font SdkTrays/Value
12:08:23: Info: Freetype returned null for character 150 in font SdkTrays/Value
12:08:23: Info: Freetype returned null for character 151 in font SdkTrays/Value
12:08:23: Info: Freetype returned null for character 152 in font SdkTrays/Value
12:08:23: Info: Freetype returned null for character 153 in font SdkTrays/Value
12:08:23: Info: Freetype returned null for character 154 in font SdkTrays/Value
12:08:23: Info: Freetype returned null for character 155 in font SdkTrays/Value
12:08:23: Info: Freetype returned null for character 156 in font SdkTrays/Value
12:08:23: Info: Freetype returned null for character 157 in font SdkTrays/Value
12:08:23: Info: Freetype returned null for character 158 in font SdkTrays/Value
12:08:23: Info: Freetype returned null for character 159 in font SdkTrays/Value
12:08:23: Info: Freetype returned null for character 160 in font SdkTrays/Value
12:08:23: Texture: SdkTrays/ValueTexture: Loading 1 faces(PF_BYTE_LA,512x256x1) with 0 generated mipmaps from Image. Internal format is PF_BYTE_LA,512x256x1.
12:08:25: Unregistering ResourceManager for type Font
12:08:25: DefaultWorkQueue('Root') shutting down on thread 7fd379f06780.
12:08:25: DefaultWorkQueue('Root')::WorkerFunc - thread 7fd36aa38700 stopped.
12:08:25: DefaultWorkQueue('Root')::WorkerFunc - thread 7fd36ba3a700 stopped.
12:08:25: DefaultWorkQueue('Root')::WorkerFunc - thread 7fd36c23b700 stopped.
12:08:25: DefaultWorkQueue('Root')::WorkerFunc - thread 7fd36b239700 stopped.
12:08:25: PCZone Factory Type 'ZoneType_Octree' unregistered
12:08:25: Unregistering ResourceManager for type BspLevel
12:08:25: *-*-* OGRE Shutdown
12:08:25: Unregistering ResourceManager for type Compositor
12:08:25: Unregistering ResourceManager for type Skeleton
12:08:25: Unregistering ResourceManager for type Mesh
12:08:25: Unregistering ResourceManager for type HighLevelGpuProgram
12:08:25: Uninstalling plugin: Octree Scene Manager
12:08:25: Plugin successfully uninstalled
12:08:25: Unloading library /usr/lib/OGRE/Plugin_OctreeSceneManager
12:08:25: Uninstalling plugin: Octree Zone Factory
12:08:25: Plugin successfully uninstalled
12:08:25: Unloading library /usr/lib/OGRE/Plugin_OctreeZone
12:08:25: Uninstalling plugin: Portal Connected Zone Scene Manager
12:08:25: Plugin successfully uninstalled
12:08:25: Unloading library /usr/lib/OGRE/Plugin_PCZSceneManager
12:08:25: Uninstalling plugin: Cg Program Manager
12:08:25: Plugin successfully uninstalled
12:08:25: Unloading library /usr/lib/OGRE/Plugin_CgProgramManager
12:08:25: Uninstalling plugin: BSP Scene Manager
12:08:25: Plugin successfully uninstalled
12:08:25: Unloading library /usr/lib/OGRE/Plugin_BSPSceneManager
12:08:25: Uninstalling plugin: ParticleFX
12:08:25: Plugin successfully uninstalled
12:08:25: Unloading library /usr/lib/OGRE/Plugin_ParticleFX
12:08:25: Uninstalling plugin: GL RenderSystem
12:08:25: Unregistering ResourceManager for type GpuProgram
12:08:25: ******************************
*** Stopping GLX Subsystem ***
******************************
12:08:25: Unregistering ResourceManager for type Texture
12:08:25: Plugin successfully uninstalled
12:08:25: Unloading library /usr/lib/OGRE/RenderSystem_GL
12:08:25: Unregistering ResourceManager for type Material
