12:07:49: Creating resource group General
12:07:49: Creating resource group Internal
12:07:49: Creating resource group Autodetect
12:07:49: SceneManagerFactory for type 'DefaultSceneManager' registered.
12:07:49: Registering ResourceManager for type Material
12:07:49: Registering ResourceManager for type Mesh
12:07:49: Registering ResourceManager for type Skeleton
12:07:49: MovableObjectFactory for type 'ParticleSystem' registered.
12:07:49: ArchiveFactory for archive type FileSystem registered.
12:07:49: ArchiveFactory for archive type Zip registered.
12:07:49: ArchiveFactory for archive type EmbeddedZip registered.
12:07:49: DDS codec registering
12:07:49: FreeImage version: 3.16.0
12:07:49: This program uses FreeImage, a free, open source image library supporting all common bitmap formats. See http://freeimage.sourceforge.net for details
12:07:49: Supported formats: bmp,ico,jpg,jif,jpeg,jpe,jng,koa,iff,lbm,mng,pbm,pbm,pcd,pcx,pgm,pgm,png,ppm,ppm,ras,tga,targa,tif,tiff,wap,wbmp,wbm,psd,cut,xbm,xpm,gif,hdr,g3,sgi,rgb,rgba,bw,exr,j2k,j2c,jp2,pfm,pct,pict,pic,3fr,arw,bay,bmq,cap,cine,cr2,crw,cs1,dc2,dcr,drf,dsc,dng,erf,fff,ia,iiq,k25,kc2,kdc,mdc,mef,mos,mrw,nef,nrw,orf,pef,ptx,pxn,qtk,raf,raw,rdc,rw2,rwl,rwz,sr2,srf,srw,sti,webp,jxr,wdp,hdp
12:07:49: Registering ResourceManager for type HighLevelGpuProgram
12:07:49: Registering ResourceManager for type Compositor
12:07:49: MovableObjectFactory for type 'Entity' registered.
12:07:49: MovableObjectFactory for type 'Light' registered.
12:07:49: MovableObjectFactory for type 'BillboardSet' registered.
12:07:49: MovableObjectFactory for type 'ManualObject' registered.
12:07:49: MovableObjectFactory for type 'BillboardChain' registered.
12:07:49: MovableObjectFactory for type 'RibbonTrail' registered.
12:07:49: OGRE EXCEPTION(6:FileNotFoundException): 'plugins.cfg' file not found! in ConfigFile::load at /build/ogre/src/ogre/OgreMain/src/OgreConfigFile.cpp (line 82)
12:07:49: plugins.cfg not found, automatic plugin loading disabled.
12:07:49: *-*-* OGRE Initialising
12:07:49: *-*-* Version 1.9.0 (Ghadamon)
12:07:49: OGRE EXCEPTION(6:FileNotFoundException): 'resources.cfg' file not found! in ConfigFile::load at /build/ogre/src/ogre/OgreMain/src/OgreConfigFile.cpp (line 82)
12:07:49: *-*-* OGRE Shutdown
12:07:49: Unregistering ResourceManager for type Compositor
12:07:49: Unregistering ResourceManager for type Skeleton
12:07:49: Unregistering ResourceManager for type Mesh
12:07:49: Unregistering ResourceManager for type HighLevelGpuProgram
12:07:49: Unregistering ResourceManager for type Material
